<!DOCTYPE html><html><head><title>Title</title><meta http-equiv="Content-Type" content="text/html;charset=utf-8" /></head><body>    <table>      <tr><center><b>WFCL TestNG Report 2018/10/15 17:05:51</b></center></tr>      <thead>        <tr>          <th>Test Name</th>          <th># Total Method</th>          <th># Passed</th>          <th># Skipped</th>          <th># Failed</th>          <th>Browser</th>          <th>Start Time</th>          <th>End Time</th>          <th>Execute Time (mm:hh:ss:ms)</th>          <th>Included Groups</th>          <th>Excluded Groups</th>        </tr>       </thead>        <tr><td colspan=11><center><b>WFCL_Suite</b></center></td></tr><tr><td>WFCL_Test</td><td>6</td><td bgcolor=green>1</td><td bgcolor=yellow>0</td><td bgcolor=red>5</td><td>Chrome</td><td>2018/10/15 17:02:05</td><td>2018/10/15 17:05:51</td><td>0:3:225:225682</td><td></td><td></td></tr>    </table>    <table id="summary">      <thead>        <tr>          <th>Class</th>          <th>Method</th>          <th>Start Time</th>          <th>Execution Time (mm:hh:ss:ms)</th>          <th>Parameter</th>          <th>Reporter Message</th>          <th>Exception Message</th>        </tr>      </thead>       <tr><td colspan=7><center><b>WFCL_Suite</b></center></td></tr><tr bgcolor=red><td colspan=7><center><b>WFCL_Test - Failed </b></center></td></tr><tr bgcolor=red><td>TestNG.WFCL</td><td>WFCL_AccountRegistration_WDPA</td><td>2018/10/15 17:02:06</td><td>0:2:128:128419</td><td>6<br />US<br />642210424<br /></td><td>101518T170206: Invalid Level to find account number detials, checking account vs L3<br />101518T170206: Account number 642210424 recieved from WFCL_AccountRegistration_WDPA<br />101518T170206: Not able to fully retrieve address:       <br />101518T170206: LoadAddress Received: _US_ __<br />101518T170206: LoadAddress is Returning: [3614 DELVERNE RD, , BALTIMORE, Maryland, MD, 21218, US, US, United States]<br />101518T170206: Generate Name is Returning: [FsixWDPAynbdfjh, M, Lzaqibpu]<br />101518T170318: New driver created. Chrome<br />101518T170324: Cookies Deleted<br />101518T170324: Navigating to https://wwwtest.fedex.com/PickupApp/login?locale=en_us<br />101518T170329:     E--Element Clicked By.name: signupnow<br />101518T170331:     T--Text Entered FsixWDPAynbdfjh in element By.id: firstName<br />101518T170331:     T--Text Entered M in element By.name: initials<br />101518T170332:     T--Text Entered Lzaqibpu in element By.id: lastName<br />101518T170333:     T--Text Entered sean.kauffman.osv@fedex.com in element By.id: email<br />101518T170333:     T--Text Entered sean.kauffman.osv@fedex.com in element By.id: retypeEmail<br />101518T170334:     T--Text Entered 3614 DELVERNE RD in element By.id: address1<br />101518T170335:     T--Text Entered  in element By.name: address2<br />101518T170335:     T--Text Entered BALTIMORE in element By.name: city<br />101518T170336:     T--Text Entered MD in element By.name: state<br />101518T170336:     T--Text Entered 21218 in element By.id: zip<br />101518T170337:     T--Text Entered 9011111111 in element By.id: phone<br />101518T170338:     T--Text Entered L619WDPA101518T170206 in element By.id: uid<br />101518T170338:     T--Text Entered Test1234 in element By.id: password<br />101518T170339:     T--Text Entered Test1234 in element By.id: retypePassword<br />101518T170339:     S--Selected Element By.id: reminderQuestion   by visible text What is your mother's first name?<br />101518T170340:     T--Text Entered mom in element By.id: reminderAnswer<br />101518T170340: Name: [FsixWDPAynbdfjh, M, Lzaqibpu]    UserID:L619WDPA101518T170206<br />101518T170341: 101518T170329 6US WFCL  Screenshot Taken<br />101518T170344:     E--Element Clicked By.id: iacceptbutton<br /></td><td>java.lang.AssertionError: Timed out after 30 seconds waiting for text to be "L619WDPA101518T170206". Current text: "null"
Build info: version: '2.53.0', revision: '35ae25b1534ae328c771e0856c93e187490ca824', time: '2016-03-15 10:43:46'
System info: host: 'WTC-5159473-l2', ip: '172.27.142.145', os.name: 'Windows 10', os.arch: 'amd64', os.version: '10.0', java.version: '1.8.0_181'
Driver info: org.openqa.selenium.chrome.ChromeDriver
Capabilities [{applicationCacheEnabled=false, rotatable=false, mobileEmulationEnabled=false, networkConnectionEnabled=false, chrome={chromedriverVersion=2.37.544315 (730aa6a5fdba159ac9f4c1e8cbc59bf1b5ce12b7), userDataDir=C:\Users\5159473\AppData\Local\Temp\scoped_dir29428_26786}, takesHeapSnapshot=true, pageLoadStrategy=normal, databaseEnabled=false, handlesAlerts=true, hasTouchScreen=false, version=69.0.3497.100, platform=XP, browserConnectionEnabled=false, nativeEvents=true, acceptSslCerts=false, acceptInsecureCerts=false, locationContextEnabled=true, webStorageEnabled=true, browserName=chrome, takesScreenshot=true, javascriptEnabled=true, cssSelectorsEnabled=true, setWindowRect=true, unexpectedAlertBehaviour=}]
Session ID: 22357ca5a7ff92accbd0211d2bc00d6b
	at org.testng.Assert.fail(Assert.java:96)
	at TestNG.WFCL.WFCL_AccountRegistration_WDPA(WFCL.java:208)
	at sun.reflect.NativeMethodAccessorImpl.invoke0(Native Method)
	at sun.reflect.NativeMethodAccessorImpl.invoke(Unknown Source)
	at sun.reflect.DelegatingMethodAccessorImpl.invoke(Unknown Source)
	at java.lang.reflect.Method.invoke(Unknown Source)
	at org.testng.internal.MethodInvocationHelper.invokeMethod(MethodInvocationHelper.java:124)
	at org.testng.internal.Invoker.invokeMethod(Invoker.java:583)
	at org.testng.internal.Invoker.invokeTestMethod(Invoker.java:719)
	at org.testng.internal.TestMethodWithDataProviderMethodWorker.call(TestMethodWithDataProviderMethodWorker.java:71)
	at org.testng.internal.TestMethodWithDataProviderMethodWorker.call(TestMethodWithDataProviderMethodWorker.java:14)
	at java.util.concurrent.FutureTask.run(Unknown Source)
	at java.util.concurrent.Executors$RunnableAdapter.call(Unknown Source)
	at java.util.concurrent.FutureTask.run(Unknown Source)
	at java.util.concurrent.ThreadPoolExecutor.runWorker(Unknown Source)
	at java.util.concurrent.ThreadPoolExecutor$Worker.run(Unknown Source)
	at java.lang.Thread.run(Unknown Source)
</td></tr><tr bgcolor=red><td>TestNG.WFCL</td><td>WFCL_UserRegistration</td><td>2018/10/15 17:02:06</td><td>0:2:163:163037</td><td>6<br />US<br /></td><td>101518T170206: LoadAddress Received: _US_ __<br />101518T170206: LoadAddress is Returning: [3614 DELVERNE RD, , BALTIMORE, Maryland, MD, 21218, US, US, United States]<br />101518T170206: Generate Name is Returning: [FsixCreateqbwkdbd, M, Ldavfxdx]<br />101518T170350: New driver created. Chrome<br />101518T170355: Cookies Deleted<br />101518T170355: Navigating to https://wwwtest.fedex.com/preferences<br />101518T170401:     E--Element Clicked By.id: registernow<br />101518T170404:     T--Text Entered FsixCreateqbwkdbd in element By.id: firstName<br />101518T170404:     T--Text Entered M in element By.name: initials<br />101518T170405:     T--Text Entered Ldavfxdx in element By.id: lastName<br />101518T170406:     T--Text Entered sean.kauffman.osv@fedex.com in element By.id: email<br />101518T170407:     T--Text Entered sean.kauffman.osv@fedex.com in element By.id: retypeEmail<br />101518T170408:     T--Text Entered 3614 DELVERNE RD in element By.id: address1<br />101518T170408:     T--Text Entered  in element By.name: address2<br />101518T170409:     T--Text Entered BALTIMORE in element By.name: city<br />101518T170409:     S--Selected Element By.id: state   by value MD<br />101518T170410:     T--Text Entered 21218 in element By.id: zip<br />101518T170410:     T--Text Entered 9011111111 in element By.id: phone<br />101518T170411:     T--Text Entered L6USCreate101518T170206 in element By.id: uid<br />101518T170412:     T--Text Entered Test1234 in element By.id: password<br />101518T170412:     T--Text Entered Test1234 in element By.id: retypePassword<br />101518T170413:     S--Selected Element By.id: reminderQuestion   by visible text What is your mother's first name?<br />101518T170413:     T--Text Entered mom in element By.id: reminderAnswer<br />101518T170413:     E--Element Clicked By.id: acceptterms<br />101518T170413: Name: [FsixCreateqbwkdbd, M, Ldavfxdx]    UserID:L6USCreate101518T170206<br />101518T170415: 101518T170401 L6US WFCL ContactInformation.png Screenshot Taken<br />101518T170419:     E--Element Clicked By.id: createUserID<br /></td><td>java.lang.AssertionError: Timed out after 30 seconds waiting for text to be "Login Information". Current text: "null"
Build info: version: '2.53.0', revision: '35ae25b1534ae328c771e0856c93e187490ca824', time: '2016-03-15 10:43:46'
System info: host: 'WTC-5159473-l2', ip: '172.27.142.145', os.name: 'Windows 10', os.arch: 'amd64', os.version: '10.0', java.version: '1.8.0_181'
Driver info: org.openqa.selenium.chrome.ChromeDriver
Capabilities [{applicationCacheEnabled=false, rotatable=false, mobileEmulationEnabled=false, networkConnectionEnabled=false, chrome={chromedriverVersion=2.37.544315 (730aa6a5fdba159ac9f4c1e8cbc59bf1b5ce12b7), userDataDir=C:\Users\5159473\AppData\Local\Temp\scoped_dir26504_31516}, takesHeapSnapshot=true, pageLoadStrategy=normal, databaseEnabled=false, handlesAlerts=true, hasTouchScreen=false, version=69.0.3497.100, platform=XP, browserConnectionEnabled=false, nativeEvents=true, acceptSslCerts=false, acceptInsecureCerts=false, locationContextEnabled=true, webStorageEnabled=true, browserName=chrome, takesScreenshot=true, javascriptEnabled=true, cssSelectorsEnabled=true, setWindowRect=true, unexpectedAlertBehaviour=}]
Session ID: 221b3ec65bbef1b4bae281b636db660a
	at org.testng.Assert.fail(Assert.java:96)
	at TestNG.WFCL.WFCL_UserRegistration(WFCL.java:159)
	at sun.reflect.NativeMethodAccessorImpl.invoke0(Native Method)
	at sun.reflect.NativeMethodAccessorImpl.invoke(Unknown Source)
	at sun.reflect.DelegatingMethodAccessorImpl.invoke(Unknown Source)
	at java.lang.reflect.Method.invoke(Unknown Source)
	at org.testng.internal.MethodInvocationHelper.invokeMethod(MethodInvocationHelper.java:124)
	at org.testng.internal.Invoker.invokeMethod(Invoker.java:583)
	at org.testng.internal.Invoker.invokeTestMethod(Invoker.java:719)
	at org.testng.internal.TestMethodWithDataProviderMethodWorker.call(TestMethodWithDataProviderMethodWorker.java:71)
	at org.testng.internal.TestMethodWithDataProviderMethodWorker.call(TestMethodWithDataProviderMethodWorker.java:14)
	at java.util.concurrent.FutureTask.run(Unknown Source)
	at java.util.concurrent.Executors$RunnableAdapter.call(Unknown Source)
	at java.util.concurrent.FutureTask.run(Unknown Source)
	at java.util.concurrent.ThreadPoolExecutor.runWorker(Unknown Source)
	at java.util.concurrent.ThreadPoolExecutor$Worker.run(Unknown Source)
	at java.lang.Thread.run(Unknown Source)
</td></tr><tr bgcolor=red><td>TestNG.WFCL</td><td>WFCL_CreditCardRegistrationEnroll</td><td>2018/10/15 17:02:06</td><td>0:2:120:120874</td><td>6<br />ss90705920<br />US<br /></td><td>101518T170206: LoadCreditCard Received: V<br />101518T170206: LoadCreditCard is Returning: [Visa, 4005554444444460, 460, 12, 20]<br />101518T170206: LoadAddress Received: _US_ __<br />101518T170206: LoadAddress is Returning: [3614 DELVERNE RD, , BALTIMORE, Maryland, MD, 21218, US, US, United States]<br />101518T170206: Generate Name is Returning: [FsixUSCCctwyvzo, M, Ljxarcnn]<br />101518T170221: New driver created. Chrome<br />101518T170239: Cookies Deleted<br />101518T170239: Navigating to https://wwwtest.fedex.com/cgi-bin/ship_it/interNetShip?origincountry=us&locallang=en<br />101518T170312: Navigating to https://wwwtest.fedex.com/fcl/ALL?enrollmentid=ss90705920&language=en&country=us<br />101518T170315: 101518T170313 L6 WFCL ss90705920 CC Discount Page.png Screenshot Taken<br />101518T170320:     E--Element Clicked By.linkText: Finish registering for a FedEx account<br />101518T170323:     T--Text Entered FsixUSCCctwyvzo in element By.id: firstName<br />101518T170323:     T--Text Entered M in element By.name: initials<br />101518T170324:     T--Text Entered Ljxarcnn in element By.id: lastName<br />101518T170325:     T--Text Entered sean.kauffman.osv@fedex.com in element By.id: email<br />101518T170326:     T--Text Entered sean.kauffman.osv@fedex.com in element By.id: retypeEmail<br />101518T170327:     T--Text Entered 3614 DELVERNE RD in element By.id: address1<br />101518T170327:     T--Text Entered  in element By.name: address2<br />101518T170328:     T--Text Entered BALTIMORE in element By.name: city<br />101518T170328:     S--Selected Element By.id: state   by value MD<br />101518T170328:     T--Text Entered 21218 in element By.id: zip<br />101518T170329:     T--Text Entered 9011111111 in element By.id: phone<br />101518T170330:     T--Text Entered L6ss9070592021CC101518T170206 in element By.id: uid<br />101518T170330:     T--Text Entered Test1234 in element By.id: password<br />101518T170331:     T--Text Entered Test1234 in element By.id: retypePassword<br />101518T170331:     S--Selected Element By.id: reminderQuestion   by visible text What is your mother's first name?<br />101518T170332:     T--Text Entered mom in element By.id: reminderAnswer<br />101518T170332:     E--Element Clicked By.id: acceptterms<br />101518T170332: Name: [FsixUSCCctwyvzo, M, Ljxarcnn]    UserID:L6ss9070592021CC101518T170206<br />101518T170334: 101518T170313 L6 WFCL ss90705920 CC ContactInformation.png Screenshot Taken<br />101518T170337:     E--Element Clicked By.id: createUserID<br /></td><td>java.lang.AssertionError: Timed out after 30 seconds waiting for presence of element located by: By.id: CCType
Build info: version: '2.53.0', revision: '35ae25b1534ae328c771e0856c93e187490ca824', time: '2016-03-15 10:43:46'
System info: host: 'WTC-5159473-l2', ip: '172.27.142.145', os.name: 'Windows 10', os.arch: 'amd64', os.version: '10.0', java.version: '1.8.0_181'
Driver info: org.openqa.selenium.chrome.ChromeDriver
Capabilities [{applicationCacheEnabled=false, rotatable=false, mobileEmulationEnabled=false, networkConnectionEnabled=false, chrome={chromedriverVersion=2.37.544315 (730aa6a5fdba159ac9f4c1e8cbc59bf1b5ce12b7), userDataDir=C:\Users\5159473\AppData\Local\Temp\scoped_dir30104_17228}, takesHeapSnapshot=true, pageLoadStrategy=normal, databaseEnabled=false, handlesAlerts=true, hasTouchScreen=false, version=69.0.3497.100, platform=XP, browserConnectionEnabled=false, nativeEvents=true, acceptSslCerts=false, acceptInsecureCerts=false, locationContextEnabled=true, webStorageEnabled=true, browserName=chrome, takesScreenshot=true, javascriptEnabled=true, cssSelectorsEnabled=true, setWindowRect=true, unexpectedAlertBehaviour=}]
Session ID: 69ca76453824fc16bd1739c9a64e86aa
	at org.testng.Assert.fail(Assert.java:96)
	at TestNG.WFCL.WFCL_CreditCardRegistrationEnroll(WFCL.java:130)
	at sun.reflect.NativeMethodAccessorImpl.invoke0(Native Method)
	at sun.reflect.NativeMethodAccessorImpl.invoke(Unknown Source)
	at sun.reflect.DelegatingMethodAccessorImpl.invoke(Unknown Source)
	at java.lang.reflect.Method.invoke(Unknown Source)
	at org.testng.internal.MethodInvocationHelper.invokeMethod(MethodInvocationHelper.java:124)
	at org.testng.internal.Invoker.invokeMethod(Invoker.java:583)
	at org.testng.internal.Invoker.invokeTestMethod(Invoker.java:719)
	at org.testng.internal.TestMethodWithDataProviderMethodWorker.call(TestMethodWithDataProviderMethodWorker.java:71)
	at org.testng.internal.TestMethodWithDataProviderMethodWorker.call(TestMethodWithDataProviderMethodWorker.java:14)
	at java.util.concurrent.FutureTask.run(Unknown Source)
	at java.util.concurrent.Executors$RunnableAdapter.call(Unknown Source)
	at java.util.concurrent.FutureTask.run(Unknown Source)
	at java.util.concurrent.ThreadPoolExecutor.runWorker(Unknown Source)
	at java.util.concurrent.ThreadPoolExecutor$Worker.run(Unknown Source)
	at java.lang.Thread.run(Unknown Source)
</td></tr><tr bgcolor=red><td>TestNG.WFCL</td><td>WFCL_AccountRegistration_INET</td><td>2018/10/15 17:02:06</td><td>0:1:93:93115</td><td>6<br />US<br />642210424<br /></td><td>101518T170206: Invalid Level to find account number detials, checking account vs L3<br />101518T170206: Account number 642210424 recieved from WFCL_AccountRegistration_INET<br />101518T170206: Not able to fully retrieve address:       <br />101518T170206: LoadAddress Received: _US_ __<br />101518T170206: LoadAddress is Returning: [3614 DELVERNE RD, , BALTIMORE, Maryland, MD, 21218, US, US, United States]<br />101518T170206: Generate Name is Returning: [FsixUSyyqybho, M, Lyjvqizm]<br />101518T170206: Attempting to register with 642210424<br />101518T170231: New driver created. Chrome<br />101518T170242: Cookies Deleted<br />101518T170242: Navigating to https://wwwtest.fedex.com/fcl/web/jsp/contactInfo1.jsp?appName=oadr&locale=us_en&step3URL=https%3A%2F%2F.fedex.com%3A443%2Ffcl%2Fweb%2Fjsp%2FfclValidateAndCreate.jsp&afterwardsURL=https://wwwtest.fedex.com%3A443%2Ffcl%2Fweb%2Fjsp%2Foadr.jsp&programIndicator=p314t9n1ey&accountOption=link<br />101518T170246:     E--Element Clicked By.xpath: //input[(@name='accountType') and (@value = 'linkAccount')]<br />101518T170248:     T--Text Entered FsixUSyyqybho in element By.id: firstName<br />101518T170249:     T--Text Entered M in element By.name: initials<br />101518T170249:     T--Text Entered Lyjvqizm in element By.id: lastName<br />101518T170250:     T--Text Entered sean.kauffman.osv@fedex.com in element By.id: email<br />101518T170251:     T--Text Entered sean.kauffman.osv@fedex.com in element By.id: retypeEmail<br />101518T170252:     T--Text Entered 3614 DELVERNE RD in element By.id: address1<br />101518T170252:     T--Text Entered  in element By.name: address2<br />101518T170253:     T--Text Entered BALTIMORE in element By.name: city<br />101518T170254:     S--Selected Element By.id: state   by value MD<br />101518T170254:     T--Text Entered 21218 in element By.id: zip<br />101518T170255:     T--Text Entered 9011111111 in element By.id: phone<br />101518T170256:     T--Text Entered L6InetUS101518T170206 in element By.id: uid<br />101518T170257:     T--Text Entered Test1234 in element By.id: password<br />101518T170258:     T--Text Entered Test1234 in element By.id: retypePassword<br />101518T170259:     S--Selected Element By.id: reminderQuestion   by visible text What is your mother's first name?<br />101518T170259:     T--Text Entered mom in element By.id: reminderAnswer<br />101518T170259:     E--Element Clicked By.id: acceptterms<br />101518T170259: Name: [FsixUSyyqybho, M, Lyjvqizm]    UserID:L6InetUS101518T170206<br />101518T170302: 101518T170206 6US WFCL  Screenshot Taken<br />101518T170305:     E--Element Clicked By.id: createUserID<br />101518T170307: 101518T170206 6US WFCL ContactInformation.png Screenshot Taken<br />101518T170307:     E--Element Clicked By.id: createUserID<br /></td><td>java.lang.AssertionError: Element is still present on page.  By.id: createUserID
	at org.testng.Assert.fail(Assert.java:96)
	at TestNG.WFCL.WFCL_AccountRegistration_INET(WFCL.java:185)
	at sun.reflect.NativeMethodAccessorImpl.invoke0(Native Method)
	at sun.reflect.NativeMethodAccessorImpl.invoke(Unknown Source)
	at sun.reflect.DelegatingMethodAccessorImpl.invoke(Unknown Source)
	at java.lang.reflect.Method.invoke(Unknown Source)
	at org.testng.internal.MethodInvocationHelper.invokeMethod(MethodInvocationHelper.java:124)
	at org.testng.internal.Invoker.invokeMethod(Invoker.java:583)
	at org.testng.internal.Invoker.invokeTestMethod(Invoker.java:719)
	at org.testng.internal.TestMethodWithDataProviderMethodWorker.call(TestMethodWithDataProviderMethodWorker.java:71)
	at org.testng.internal.TestMethodWithDataProviderMethodWorker.call(TestMethodWithDataProviderMethodWorker.java:14)
	at java.util.concurrent.FutureTask.run(Unknown Source)
	at java.util.concurrent.Executors$RunnableAdapter.call(Unknown Source)
	at java.util.concurrent.FutureTask.run(Unknown Source)
	at java.util.concurrent.ThreadPoolExecutor.runWorker(Unknown Source)
	at java.util.concurrent.ThreadPoolExecutor$Worker.run(Unknown Source)
	at java.lang.Thread.run(Unknown Source)
</td></tr><tr bgcolor=red><td>TestNG.WFCL</td><td>WFCL_AccountRegistration_Admin</td><td>2018/10/15 17:04:51</td><td>0:0:57:57544</td><td>6<br />US<br />642210424<br /></td><td>101518T170451: Generate Name is Returning: [FsixINETczceqxm, M, Lzwivbid]<br />101518T170451: Invalid Level to find account number detials, checking account vs L3<br />101518T170451: Account number 642210424 recieved from WFCL_AccountRegistration_Admin<br />101518T170451: Not able to fully retrieve address:       <br />101518T170451: LoadAddress Received: _US_ __<br />101518T170451: LoadAddress is Returning: [3614 DELVERNE RD, , BALTIMORE, Maryland, MD, 21218, US, US, United States]<br />101518T170451: Attempting to register with 642210424<br />101518T170456: New driver created. Chrome<br />101518T170500: Cookies Deleted<br />101518T170500: Navigating to https://wwwtest.fedex.com/fcl/web/jsp/contactInfo1.jsp?appName=oadr&locale=us_en&step3URL=https%3A%2F%2F.fedex.com%3A443%2Ffcl%2Fweb%2Fjsp%2FfclValidateAndCreate.jsp&afterwardsURL=https://wwwtest.fedex.com%3A443%2Ffcl%2Fweb%2Fjsp%2Foadr.jsp&programIndicator=p314t9n1ey&accountOption=link<br />101518T170503:     E--Element Clicked By.xpath: //input[(@name='accountType') and (@value = 'linkAccount')]<br />101518T170504:     T--Text Entered FsixINETczceqxm in element By.id: firstName<br />101518T170504:     T--Text Entered M in element By.name: initials<br />101518T170504:     T--Text Entered Lzwivbid in element By.id: lastName<br />101518T170505:     T--Text Entered sean.kauffman.osv@fedex.com in element By.id: email<br />101518T170506:     T--Text Entered sean.kauffman.osv@fedex.com in element By.id: retypeEmail<br />101518T170506:     T--Text Entered 3614 DELVERNE RD in element By.id: address1<br />101518T170506:     T--Text Entered  in element By.name: address2<br />101518T170507:     T--Text Entered BALTIMORE in element By.name: city<br />101518T170507:     S--Selected Element By.id: state   by value MD<br />101518T170507:     T--Text Entered 21218 in element By.id: zip<br />101518T170508:     T--Text Entered 9011111111 in element By.id: phone<br />101518T170508:     T--Text Entered L6642210424US101518T170451 in element By.id: uid<br />101518T170509:     T--Text Entered Test1234 in element By.id: password<br />101518T170509:     T--Text Entered Test1234 in element By.id: retypePassword<br />101518T170510:     S--Selected Element By.id: reminderQuestion   by visible text What is your mother's first name?<br />101518T170510:     T--Text Entered mom in element By.id: reminderAnswer<br />101518T170511:     E--Element Clicked By.id: acceptterms<br />101518T170511: Name: [FsixINETczceqxm, M, Lzwivbid]    UserID:L6642210424US101518T170451<br />101518T170512: 101518T170451 6US WFCL  Screenshot Taken<br />101518T170514:     E--Element Clicked By.id: createUserID<br />101518T170515: 101518T170451 6US WFCL ContactInformation.png Screenshot Taken<br />101518T170516:     E--Element Clicked By.id: createUserID<br /></td><td>java.lang.AssertionError: Element is still present on page.  By.id: createUserID
	at org.testng.Assert.fail(Assert.java:96)
	at TestNG.WFCL.WFCL_AccountRegistration_Admin(WFCL.java:172)
	at sun.reflect.NativeMethodAccessorImpl.invoke0(Native Method)
	at sun.reflect.NativeMethodAccessorImpl.invoke(Unknown Source)
	at sun.reflect.DelegatingMethodAccessorImpl.invoke(Unknown Source)
	at java.lang.reflect.Method.invoke(Unknown Source)
	at org.testng.internal.MethodInvocationHelper.invokeMethod(MethodInvocationHelper.java:124)
	at org.testng.internal.Invoker.invokeMethod(Invoker.java:583)
	at org.testng.internal.Invoker.invokeTestMethod(Invoker.java:719)
	at org.testng.internal.TestMethodWithDataProviderMethodWorker.call(TestMethodWithDataProviderMethodWorker.java:71)
	at org.testng.internal.TestMethodWithDataProviderMethodWorker.call(TestMethodWithDataProviderMethodWorker.java:14)
	at java.util.concurrent.FutureTask.run(Unknown Source)
	at java.util.concurrent.Executors$RunnableAdapter.call(Unknown Source)
	at java.util.concurrent.FutureTask.run(Unknown Source)
	at java.util.concurrent.ThreadPoolExecutor.runWorker(Unknown Source)
	at java.util.concurrent.ThreadPoolExecutor$Worker.run(Unknown Source)
	at java.lang.Thread.run(Unknown Source)
</td></tr><tr bgcolor=yellow><td colspan=7><center><b>WFCL_Test - Skipped </b></center></td></tr><tr bgcolor=green><td colspan=7><center><b>WFCL_Test - Passed </b></center></td></tr><tr bgcolor=green><td>TestNG.WFCL</td><td>WFCL_Forgot_User_Email</td><td>2018/10/15 17:02:06</td><td>0:0:58:58071</td><td>6<br />US<br />sean.kauffman.osv@fedex.com<br /></td><td>101518T170212: New driver created. Chrome<br />101518T170220: Cookies Deleted<br />101518T170220: Navigating to https://wwwtest.fedex.com/cgi-bin/ship_it/interNetShip?origincountry=us&locallang=en<br />101518T170257:     E--Element Clicked By.name: forgotUidPwd<br />101518T170258:     T--Text Entered sean.kauffman.osv@fedex.com in element By.name: email<br />101518T170300: 101518T170258 L6 WFCL Forgot User Id.png Screenshot Taken<br />101518T170302:     E--Element Clicked By.xpath: //*[@id='module.forgotuseridandpassword._expanded']/table/tbody/tr/td[3]/form/table/tbody/tr[6]/td/input[2]<br />101518T170304: 101518T170258 L6 WFCL Forgot User Confirmation.png Screenshot Taken<br />101518T170304: Completed Forgot User Confirmation using sean.kauffman.osv@fedex.com. An email has been triggered and that test must be completed manually by to see the user list.<br />sean.kauffman.osv@fedex.com<br /></td><td></td></tr>    </table>  </body></html>