<!DOCTYPE html><html><head><title>Title</title><meta http-equiv="Content-Type" content="text/html;charset=utf-8" /></head><body>    <table>      <tr><center><b>WRTT TestNG Report 2018/10/15 20:59:34</b></center></tr>      <thead>        <tr>          <th>Test Name</th>          <th># Total Method</th>          <th># Passed</th>          <th># Skipped</th>          <th># Failed</th>          <th>Browser</th>          <th>Start Time</th>          <th>End Time</th>          <th>Execute Time (mm:hh:ss:ms)</th>          <th>Included Groups</th>          <th>Excluded Groups</th>        </tr>       </thead>        <tr><td colspan=11><center><b>WRTT_Suite</b></center></td></tr><tr><td>WRTT_Test</td><td>5</td><td bgcolor=green>3</td><td bgcolor=yellow>0</td><td bgcolor=red>2</td><td>Chrome</td><td>2018/10/15 20:56:32</td><td>2018/10/15 20:59:34</td><td>0:3:182:182001</td><td></td><td></td></tr>    </table>    <table id="summary">      <thead>        <tr>          <th>Class</th>          <th>Method</th>          <th>Start Time</th>          <th>Execution Time (mm:hh:ss:ms)</th>          <th>Parameter</th>          <th>Reporter Message</th>          <th>Exception Message</th>        </tr>      </thead>       <tr><td colspan=7><center><b>WRTT_Suite</b></center></td></tr><tr bgcolor=red><td colspan=7><center><b>WRTT_Test - Failed </b></center></td></tr><tr bgcolor=red><td>WaterfallApplications.WRTT</td><td>WRTT_Rate_Sheet</td><td>2018/10/15 20:56:32</td><td>0:2:157:157884</td><td>7<br />true<br />14<br />true<br />false<br /></td><td>101518T205641: New driver created. Chrome<br />101518T205706: Cookies Deleted<br />101518T205706: Navigating to https://www.fedex.com/ratetools/RateToolsMain.do<br /></td><td>java.lang.AssertionError: no such element: Unable to locate element: {"method":"id","selector":"yes"}
  (Session info: chrome=69.0.3497.100)
  (Driver info: chromedriver=2.37.544315 (730aa6a5fdba159ac9f4c1e8cbc59bf1b5ce12b7),platform=Windows NT 10.0.16299 x86_64) (WARNING: The server did not provide any stacktrace information)
Command duration or timeout: 30.02 seconds
For documentation on this error, please visit: http://seleniumhq.org/exceptions/no_such_element.html
Build info: version: '2.53.0', revision: '35ae25b1534ae328c771e0856c93e187490ca824', time: '2016-03-15 10:43:46'
System info: host: 'WTC-5159473-l2', ip: '172.27.142.145', os.name: 'Windows 10', os.arch: 'amd64', os.version: '10.0', java.version: '1.8.0_181'
Driver info: org.openqa.selenium.chrome.ChromeDriver
Capabilities [{applicationCacheEnabled=false, rotatable=false, mobileEmulationEnabled=false, networkConnectionEnabled=false, chrome={chromedriverVersion=2.37.544315 (730aa6a5fdba159ac9f4c1e8cbc59bf1b5ce12b7), userDataDir=C:\Users\5159473\AppData\Local\Temp\scoped_dir24428_3352}, takesHeapSnapshot=true, pageLoadStrategy=normal, databaseEnabled=false, handlesAlerts=true, hasTouchScreen=false, version=69.0.3497.100, platform=XP, browserConnectionEnabled=false, nativeEvents=true, acceptSslCerts=false, acceptInsecureCerts=false, locationContextEnabled=true, webStorageEnabled=true, browserName=chrome, takesScreenshot=true, javascriptEnabled=true, cssSelectorsEnabled=true, setWindowRect=true, unexpectedAlertBehaviour=}]
Session ID: 813afc511f3849f8b111ca202ee356b1
*** Element info: {Using=id, value=yes}
	at org.testng.Assert.fail(Assert.java:96)
	at WaterfallApplications.WRTT.WRTT_Rate_Sheet(WRTT.java:67)
	at sun.reflect.NativeMethodAccessorImpl.invoke0(Native Method)
	at sun.reflect.NativeMethodAccessorImpl.invoke(Unknown Source)
	at sun.reflect.DelegatingMethodAccessorImpl.invoke(Unknown Source)
	at java.lang.reflect.Method.invoke(Unknown Source)
	at org.testng.internal.MethodInvocationHelper.invokeMethod(MethodInvocationHelper.java:124)
	at org.testng.internal.Invoker.invokeMethod(Invoker.java:583)
	at org.testng.internal.Invoker.invokeTestMethod(Invoker.java:719)
	at org.testng.internal.TestMethodWithDataProviderMethodWorker.call(TestMethodWithDataProviderMethodWorker.java:71)
	at org.testng.internal.TestMethodWithDataProviderMethodWorker.call(TestMethodWithDataProviderMethodWorker.java:14)
	at java.util.concurrent.FutureTask.run(Unknown Source)
	at java.util.concurrent.Executors$RunnableAdapter.call(Unknown Source)
	at java.util.concurrent.FutureTask.run(Unknown Source)
	at java.util.concurrent.ThreadPoolExecutor.runWorker(Unknown Source)
	at java.util.concurrent.ThreadPoolExecutor$Worker.run(Unknown Source)
	at java.lang.Thread.run(Unknown Source)
</td></tr><tr bgcolor=red><td>WaterfallApplications.WRTT</td><td>WRTT_Rate_Sheet</td><td>2018/10/15 20:56:32</td><td>0:3:180:180014</td><td>7<br />true<br />5<br />true<br />true<br /></td><td>101518T205717: New driver created. Chrome<br />101518T205741: Cookies Deleted<br />101518T205741: Navigating to https://www.fedex.com/ratetools/RateToolsMain.do<br /></td><td>java.lang.AssertionError: Must provide a location for a move action.
	at org.testng.Assert.fail(Assert.java:96)
	at WaterfallApplications.WRTT.WRTT_Rate_Sheet(WRTT.java:67)
	at sun.reflect.NativeMethodAccessorImpl.invoke0(Native Method)
	at sun.reflect.NativeMethodAccessorImpl.invoke(Unknown Source)
	at sun.reflect.DelegatingMethodAccessorImpl.invoke(Unknown Source)
	at java.lang.reflect.Method.invoke(Unknown Source)
	at org.testng.internal.MethodInvocationHelper.invokeMethod(MethodInvocationHelper.java:124)
	at org.testng.internal.Invoker.invokeMethod(Invoker.java:583)
	at org.testng.internal.Invoker.invokeTestMethod(Invoker.java:719)
	at org.testng.internal.TestMethodWithDataProviderMethodWorker.call(TestMethodWithDataProviderMethodWorker.java:71)
	at org.testng.internal.TestMethodWithDataProviderMethodWorker.call(TestMethodWithDataProviderMethodWorker.java:14)
	at java.util.concurrent.FutureTask.run(Unknown Source)
	at java.util.concurrent.Executors$RunnableAdapter.call(Unknown Source)
	at java.util.concurrent.FutureTask.run(Unknown Source)
	at java.util.concurrent.ThreadPoolExecutor.runWorker(Unknown Source)
	at java.util.concurrent.ThreadPoolExecutor$Worker.run(Unknown Source)
	at java.lang.Thread.run(Unknown Source)
</td></tr><tr bgcolor=yellow><td colspan=7><center><b>WRTT_Test - Skipped </b></center></td></tr><tr bgcolor=green><td colspan=7><center><b>WRTT_Test - Passed </b></center></td></tr><tr bgcolor=green><td>WaterfallApplications.WRTT</td><td>WRTT_SpalshPage_eCRV</td><td>2018/10/15 20:56:32</td><td>0:0:33:33914</td><td>7<br />US<br /></td><td>101518T205637: New driver created. Chrome<br />101518T205701: Cookies Deleted<br />101518T205701: Navigating to https://www.fedex.com/ratefinder/home?cc=US&language=en&locId=express<br />101518T205704:     E--Element Clicked By.id: wgrt.rateTools.menu_div<br />101518T205706:     E--Element Clicked By.id: wgrt.rateTools.rate._div<br />US is enabled<br /></td><td></td></tr><tr bgcolor=green><td>WaterfallApplications.WRTT</td><td>WRTT_Rate_Sheet</td><td>2018/10/15 20:56:32</td><td>0:2:165:165906</td><td>7<br />true<br />5<br />true<br />false<br /></td><td>101518T205732: New driver created. Chrome<br />101518T205756: Cookies Deleted<br />101518T205756: Navigating to https://www.fedex.com/ratetools/RateToolsMain.do<br />101518T205912:     E--Element Clicked By.id: yes<br />101518T205913:     E--Element Clicked By.id: domesticradio<br />101518T205913:     E--Element Clicked By.xpath: //*[@id='domesticServiceBlock']/div/div[1]/div/div[2]/label/input<br />101518T205913:     E--Element Clicked By.cssSelector: input[name="ratesByServiceFormat"]<br />101518T205913:     E--Element Clicked By.xpath: (//input[@name='ratesByServiceType'])[2]<br />101518T205914: 101518T205632 L7 1ZFirstOvernightPDFR.png Screenshot Taken<br />101518T205916:     E--Element Clicked By.id: requestsheetbtn<br />101518T205918:     E--Element Clicked By.xpath: /html/body/form/table/tbody/tr[10]/td/input<br />101518T205918: WRTT ZFirstOvernightPDFR Completed successfully<br />ZFirstOvernightPDFR<br /></td><td></td></tr><tr bgcolor=green><td>WaterfallApplications.WRTT</td><td>WRTT_eCRV_Page</td><td>2018/10/15 20:56:32</td><td>0:0:51:51397</td><td>7<br />US<br /></td><td>101518T205646: New driver created. Chrome<br />101518T205711: Cookies Deleted<br />101518T205711: Navigating to https://www.fedex.com/ratefinder/home?cc=US&language=en&locId=express<br />101518T205713:     E--Element Clicked By.id: wgrt.rateTools.menu_div<br />101518T205714:     E--Element Clicked By.id: wgrt.rateTools.rate._div<br />101518T205716: 101518T205632 L7 WRTT USeCRV.png Screenshot Taken<br />101518T205718:     E--Element Clicked By.cssSelector: button.fx-btn-primary<br />101518T205721: US Service_Info Landed on:    https://www.fedex.com/en-us/service-guide.html<br />101518T205723: US FedEx_Service_Guide Landed on     https://www.fedex.com/en-us/service-guide/rates-surcharges.html<br />WRTT_eCRV for US completed.<br /></td><td></td></tr>    </table>  </body></html>