<body>    <table>      <tr><center><b>WIDM TestNG Report 2018/10/14 20:08:29</b></center></tr>      <thead>        <tr>          <th>Test Name</th>          <th># Total Method</th>          <th># Passed</th>          <th># Skipped</th>          <th># Failed</th>          <th>Browser</th>          <th>Start Time</th>          <th>End Time</th>          <th>Execute Time (mm:hh:ss:ms)</th>          <th>Included Groups</th>          <th>Excluded Groups</th>        </tr>       </thead>        <tr><td colspan=11><center><b>WIDM_Suite</b></center></td></tr><tr><td>WIDM_Test</td><td>7</td><td bgcolor=green>3</td><td bgcolor=yellow>0</td><td bgcolor=red>4</td><td>Chrome</td><td>2018/10/14 20:04:20</td><td>2018/10/14 20:08:29</td><td>0:4:249:249240</td><td></td><td></td></tr>    </table>    <table id="summary">      <thead>        <tr>          <th>Class</th>          <th>Method</th>          <th>Start Time</th>          <th>Execution Time (mm:hh:ss:ms)</th>          <th>Parameter</th>          <th>Reporter Message</th>          <th>Exception Message</th>        </tr>      </thead>       <tr><td colspan=7><center><b>WIDM_Suite</b></center></td></tr><tr bgcolor=red><td colspan=7><center><b>WIDM_Test - Failed </b></center></td></tr><tr bgcolor=red><td>TestNG.WIDM</td><td>WIDM_ResetPasswordSecret</td><td>2018/10/14 20:04:20</td><td>0:3:235:235484</td><td>3<br />US<br />L3Use08312016<br />Test1234<br />mom<br /></td><td>101418T200616: New driver created. Chrome<br />101418T200639: Cookies Deleted<br />101418T200639: Navigating to https://wwwdrt.idev.fedex.com/FID?clienttype=dotcom&clickedPrint=false&action=entry&hazmatFilter=All&cntry_code=us&lang_code=en&option=fid<br />101418T200642:     E--Element Clicked By.name: forgotUidPwd<br />101418T200642:     T--Text Entered L3Use08312016 in element By.name: userID<br />101418T200645: 101418T200420 L3 WIDM Password Reset Test12345.png Screenshot Taken<br /></td><td>java.lang.AssertionError: no such element: Unable to locate element: {"method":"xpath","selector":"//*[@id='module.forgotuseridandpassword._expanded']/table/tbody/tr/td[1]/form/table/tbody/tr[6]/td/input[2]"}
  (Session info: chrome=69.0.3497.100)
  (Driver info: chromedriver=2.37.544315 (730aa6a5fdba159ac9f4c1e8cbc59bf1b5ce12b7),platform=Windows NT 10.0.16299 x86_64) (WARNING: The server did not provide any stacktrace information)
Command duration or timeout: 30.06 seconds
For documentation on this error, please visit: http://seleniumhq.org/exceptions/no_such_element.html
Build info: version: '2.53.0', revision: '35ae25b1534ae328c771e0856c93e187490ca824', time: '2016-03-15 10:43:46'
System info: host: 'WTC-5159473-l2', ip: '172.27.142.145', os.name: 'Windows 10', os.arch: 'amd64', os.version: '10.0', java.version: '1.8.0_181'
Driver info: org.openqa.selenium.chrome.ChromeDriver
Capabilities [{applicationCacheEnabled=false, rotatable=false, mobileEmulationEnabled=false, networkConnectionEnabled=false, chrome={chromedriverVersion=2.37.544315 (730aa6a5fdba159ac9f4c1e8cbc59bf1b5ce12b7), userDataDir=C:\Users\5159473\AppData\Local\Temp\scoped_dir30748_22656}, takesHeapSnapshot=true, pageLoadStrategy=normal, databaseEnabled=false, handlesAlerts=true, hasTouchScreen=false, version=69.0.3497.100, platform=XP, browserConnectionEnabled=false, nativeEvents=true, acceptSslCerts=false, acceptInsecureCerts=false, locationContextEnabled=true, webStorageEnabled=true, browserName=chrome, takesScreenshot=true, javascriptEnabled=true, cssSelectorsEnabled=true, setWindowRect=true, unexpectedAlertBehaviour=}]
Session ID: 8a8dc9c2fd67af5e095d0ce28c946bde
*** Element info: {Using=xpath, value=//*[@id='module.forgotuseridandpassword._expanded']/table/tbody/tr/td[1]/form/table/tbody/tr[6]/td/input[2]}
	at org.testng.Assert.fail(Assert.java:96)
	at TestNG.WIDM.WIDM_ResetPasswordSecret(WIDM.java:126)
	at sun.reflect.NativeMethodAccessorImpl.invoke0(Native Method)
	at sun.reflect.NativeMethodAccessorImpl.invoke(Unknown Source)
	at sun.reflect.DelegatingMethodAccessorImpl.invoke(Unknown Source)
	at java.lang.reflect.Method.invoke(Unknown Source)
	at org.testng.internal.MethodInvocationHelper.invokeMethod(MethodInvocationHelper.java:124)
	at org.testng.internal.Invoker.invokeMethod(Invoker.java:583)
	at org.testng.internal.Invoker.invokeTestMethod(Invoker.java:719)
	at org.testng.internal.TestMethodWithDataProviderMethodWorker.call(TestMethodWithDataProviderMethodWorker.java:71)
	at org.testng.internal.TestMethodWithDataProviderMethodWorker.call(TestMethodWithDataProviderMethodWorker.java:14)
	at java.util.concurrent.FutureTask.run(Unknown Source)
	at java.util.concurrent.Executors$RunnableAdapter.call(Unknown Source)
	at java.util.concurrent.FutureTask.run(Unknown Source)
	at java.util.concurrent.ThreadPoolExecutor.runWorker(Unknown Source)
	at java.util.concurrent.ThreadPoolExecutor$Worker.run(Unknown Source)
	at java.lang.Thread.run(Unknown Source)
</td></tr><tr bgcolor=red><td>TestNG.WIDM</td><td>ResetPasswordWIDM_Email</td><td>2018/10/14 20:04:20</td><td>0:4:246:246999</td><td>3<br />L3Use08312016<br />Test1234<br /></td><td>101418T200426: New driver created. Chrome<br />101418T200451: Cookies Deleted<br />101418T200451: Navigating to https://wwwdrt.idev.fedex.com/en-us/home.html<br />101418T200454: Navigating to https://wwwdrt.idev.fedex.com/PickupApp/login?locale=en_us<br />101418T200459:     T--Text Entered L3Use08312016 in element By.name: username<br />101418T200500:     T--Text Entered Test1234 in element By.name: password<br />101418T200642: Not able to login through WDPA<br />101418T200642: Navigating to https://wwwdrt.idev.fedex.com/en-us/home.html<br />101418T200644:     E--Element Clicked By.cssSelector: span.fxg-user-options__sign-in-text<br />101418T200644:     T--Text Entered L3Use08312016 in element By.id: NavLoginUserId<br />101418T200644: Not able to login through US home page<br />101418T200644: Navigating to https://wwwdrt.idev.fedex.com/cgi-bin/ship_it/interNetShip?origincountry=us&locallang=en<br />101418T200646: Login:L3Use08312016/Test1234<br />101418T200646: Navigating to https://wwwdrt.idev.fedex.com/apps/myprofile/loginandcontact/?locale=en_US&cntry_code=us<br />101418T200653: Cookies Deleted<br />101418T200653: Navigating to https://wwwdrt.idev.fedex.com/FID?clienttype=dotcom&clickedPrint=false&action=entry&hazmatFilter=All&cntry_code=us&lang_code=en&option=fid<br />101418T200654:     E--Element Clicked By.name: forgotUidPwd<br />101418T200655:     T--Text Entered L3Use08312016 in element By.name: userID<br /></td><td>java.lang.AssertionError: no such element: Unable to locate element: {"method":"xpath","selector":"//*[@id='module.forgotuseridandpassword._expanded']/table/tbody/tr/td[1]/form/table/tbody/tr[6]/td/input[2]"}
  (Session info: chrome=69.0.3497.100)
  (Driver info: chromedriver=2.37.544315 (730aa6a5fdba159ac9f4c1e8cbc59bf1b5ce12b7),platform=Windows NT 10.0.16299 x86_64) (WARNING: The server did not provide any stacktrace information)
Command duration or timeout: 30.05 seconds
For documentation on this error, please visit: http://seleniumhq.org/exceptions/no_such_element.html
Build info: version: '2.53.0', revision: '35ae25b1534ae328c771e0856c93e187490ca824', time: '2016-03-15 10:43:46'
System info: host: 'WTC-5159473-l2', ip: '172.27.142.145', os.name: 'Windows 10', os.arch: 'amd64', os.version: '10.0', java.version: '1.8.0_181'
Driver info: org.openqa.selenium.chrome.ChromeDriver
Capabilities [{applicationCacheEnabled=false, rotatable=false, mobileEmulationEnabled=false, networkConnectionEnabled=false, chrome={chromedriverVersion=2.37.544315 (730aa6a5fdba159ac9f4c1e8cbc59bf1b5ce12b7), userDataDir=C:\Users\5159473\AppData\Local\Temp\scoped_dir28860_25199}, takesHeapSnapshot=true, pageLoadStrategy=normal, databaseEnabled=false, handlesAlerts=true, hasTouchScreen=false, version=69.0.3497.100, platform=XP, browserConnectionEnabled=false, nativeEvents=true, acceptSslCerts=false, acceptInsecureCerts=false, locationContextEnabled=true, webStorageEnabled=true, browserName=chrome, takesScreenshot=true, javascriptEnabled=true, cssSelectorsEnabled=true, setWindowRect=true, unexpectedAlertBehaviour=}]
Session ID: fc6d1c7ed0f394343f05f5750df702a9
*** Element info: {Using=xpath, value=//*[@id='module.forgotuseridandpassword._expanded']/table/tbody/tr/td[1]/form/table/tbody/tr[6]/td/input[2]}
	at org.testng.Assert.fail(Assert.java:96)
	at TestNG.WIDM.ResetPasswordWIDM_Email(WIDM.java:148)
	at sun.reflect.NativeMethodAccessorImpl.invoke0(Native Method)
	at sun.reflect.NativeMethodAccessorImpl.invoke(Unknown Source)
	at sun.reflect.DelegatingMethodAccessorImpl.invoke(Unknown Source)
	at java.lang.reflect.Method.invoke(Unknown Source)
	at org.testng.internal.MethodInvocationHelper.invokeMethod(MethodInvocationHelper.java:124)
	at org.testng.internal.Invoker.invokeMethod(Invoker.java:583)
	at org.testng.internal.Invoker.invokeTestMethod(Invoker.java:719)
	at org.testng.internal.TestMethodWithDataProviderMethodWorker.call(TestMethodWithDataProviderMethodWorker.java:71)
	at org.testng.internal.TestMethodWithDataProviderMethodWorker.call(TestMethodWithDataProviderMethodWorker.java:14)
	at java.util.concurrent.FutureTask.run(Unknown Source)
	at java.util.concurrent.Executors$RunnableAdapter.call(Unknown Source)
	at java.util.concurrent.FutureTask.run(Unknown Source)
	at java.util.concurrent.ThreadPoolExecutor.runWorker(Unknown Source)
	at java.util.concurrent.ThreadPoolExecutor$Worker.run(Unknown Source)
	at java.lang.Thread.run(Unknown Source)
</td></tr><tr bgcolor=red><td>TestNG.WIDM</td><td>WIDM_ForgotUserID</td><td>2018/10/14 20:04:20</td><td>0:3:201:201078</td><td>3<br />sean.kauffman.osv@fedex.com<br /></td><td>101418T200532: New driver created. Chrome<br />101418T200559: Cookies Deleted<br />101418T200559: Navigating to https://wwwdrt.idev.fedex.com/FID?clienttype=dotcom&clickedPrint=false&action=entry&hazmatFilter=All&cntry_code=us&lang_code=en&option=fid<br />101418T200603:     E--Element Clicked By.name: forgotUidPwd<br />101418T200604:     T--Text Entered sean.kauffman.osv@fedex.com in element By.name: email<br />101418T200611: 101418T200420 L3 WIDM Forgot User Id.png Screenshot Taken<br /></td><td>java.lang.AssertionError: no such element: Unable to locate element: {"method":"xpath","selector":"//*[@id='module.forgotuseridandpassword._expanded']/table/tbody/tr/td[3]/form/table/tbody/tr[6]/td/input[2]"}
  (Session info: chrome=69.0.3497.100)
  (Driver info: chromedriver=2.37.544315 (730aa6a5fdba159ac9f4c1e8cbc59bf1b5ce12b7),platform=Windows NT 10.0.16299 x86_64) (WARNING: The server did not provide any stacktrace information)
Command duration or timeout: 30.06 seconds
For documentation on this error, please visit: http://seleniumhq.org/exceptions/no_such_element.html
Build info: version: '2.53.0', revision: '35ae25b1534ae328c771e0856c93e187490ca824', time: '2016-03-15 10:43:46'
System info: host: 'WTC-5159473-l2', ip: '172.27.142.145', os.name: 'Windows 10', os.arch: 'amd64', os.version: '10.0', java.version: '1.8.0_181'
Driver info: org.openqa.selenium.chrome.ChromeDriver
Capabilities [{applicationCacheEnabled=false, rotatable=false, mobileEmulationEnabled=false, networkConnectionEnabled=false, chrome={chromedriverVersion=2.37.544315 (730aa6a5fdba159ac9f4c1e8cbc59bf1b5ce12b7), userDataDir=C:\Users\5159473\AppData\Local\Temp\scoped_dir25856_32072}, takesHeapSnapshot=true, pageLoadStrategy=normal, databaseEnabled=false, handlesAlerts=true, hasTouchScreen=false, version=69.0.3497.100, platform=XP, browserConnectionEnabled=false, nativeEvents=true, acceptSslCerts=false, acceptInsecureCerts=false, locationContextEnabled=true, webStorageEnabled=true, browserName=chrome, takesScreenshot=true, javascriptEnabled=true, cssSelectorsEnabled=true, setWindowRect=true, unexpectedAlertBehaviour=}]
Session ID: ae2bb503c61d6b3ba14d85a943c7e8bf
*** Element info: {Using=xpath, value=//*[@id='module.forgotuseridandpassword._expanded']/table/tbody/tr/td[3]/form/table/tbody/tr[6]/td/input[2]}
	at org.testng.Assert.fail(Assert.java:96)
	at TestNG.WIDM.WIDM_ForgotUserID(WIDM.java:137)
	at sun.reflect.NativeMethodAccessorImpl.invoke0(Native Method)
	at sun.reflect.NativeMethodAccessorImpl.invoke(Unknown Source)
	at sun.reflect.DelegatingMethodAccessorImpl.invoke(Unknown Source)
	at java.lang.reflect.Method.invoke(Unknown Source)
	at org.testng.internal.MethodInvocationHelper.invokeMethod(MethodInvocationHelper.java:124)
	at org.testng.internal.Invoker.invokeMethod(Invoker.java:583)
	at org.testng.internal.Invoker.invokeTestMethod(Invoker.java:719)
	at org.testng.internal.TestMethodWithDataProviderMethodWorker.call(TestMethodWithDataProviderMethodWorker.java:71)
	at org.testng.internal.TestMethodWithDataProviderMethodWorker.call(TestMethodWithDataProviderMethodWorker.java:14)
	at java.util.concurrent.FutureTask.run(Unknown Source)
	at java.util.concurrent.Executors$RunnableAdapter.call(Unknown Source)
	at java.util.concurrent.FutureTask.run(Unknown Source)
	at java.util.concurrent.ThreadPoolExecutor.runWorker(Unknown Source)
	at java.util.concurrent.ThreadPoolExecutor$Worker.run(Unknown Source)
	at java.lang.Thread.run(Unknown Source)
</td></tr><tr bgcolor=red><td>TestNG.WIDM</td><td>SetEnvironment</td><td>2018/10/14 20:08:29</td><td>0:0:0:0</td><td></td><td></td><td>org.testng.TestNGException: 
Parameter 'SmokeTest' is required by @Test on method SetEnvironment but has not been marked @Optional or defined
in C:\Users\5159473\eclipse-workspace\TestNG_Automation\src\main\java\XMLExecution\WIDMtestng.xml
	at org.testng.internal.Parameters.createParams(Parameters.java:290)
	at org.testng.internal.Parameters.createParametersForMethod(Parameters.java:359)
	at org.testng.internal.Parameters.createParameters(Parameters.java:620)
	at org.testng.internal.Parameters.handleParameters(Parameters.java:769)
	at org.testng.internal.ParameterHandler.handleParameters(ParameterHandler.java:49)
	at org.testng.internal.ParameterHandler.createParameters(ParameterHandler.java:37)
	at org.testng.internal.Invoker.invokeTestMethods(Invoker.java:924)
	at org.testng.internal.TestMethodWorker.invokeTestMethods(TestMethodWorker.java:125)
	at org.testng.internal.TestMethodWorker.run(TestMethodWorker.java:109)
	at java.util.concurrent.ThreadPoolExecutor.runWorker(Unknown Source)
	at java.util.concurrent.ThreadPoolExecutor$Worker.run(Unknown Source)
	at java.lang.Thread.run(Unknown Source)
</td></tr><tr bgcolor=yellow><td colspan=7><center><b>WIDM_Test - Skipped </b></center></td></tr><tr bgcolor=green><td colspan=7><center><b>WIDM_Test - Passed </b></center></td></tr><tr bgcolor=green><td>TestNG.WIDM</td><td>WIDM_RegistrationEFWS</td><td>2018/10/14 20:04:20</td><td>0:0:59:59885</td><td>3<br />US<br /></td><td>101418T200420: LoadAddress Received: _US_ __<br />101418T200420: LoadAddress is Returning: [3614 DELVERNE RD, , BALTIMORE, Maryland, MD, 21218, US, US, United States]<br />101418T200420: Generate Name is Returning: [FthreeWIDMbkobyyn, M, Leicxybt]<br />101418T200430: New driver created. Chrome<br />101418T200456: Cookies Deleted<br />101418T200456: Navigating to https://wwwdrt.idev.fedex.com/FID?clienttype=dotcom&clickedPrint=false&action=entry&hazmatFilter=All&cntry_code=us&lang_code=en&option=fid<br />101418T200502:     E--Element Clicked By.linkText: Sign Up Now!<br />101418T200503:     T--Text Entered FthreeWIDMbkobyyn in element By.id: firstName<br />101418T200503:     T--Text Entered Leicxybt in element By.id: lastName<br />101418T200504:     T--Text Entered sean.kauffman.osv@fedex.com in element By.id: email<br />101418T200505:     T--Text Entered sean.kauffman.osv@fedex.com in element By.id: retypeEmail<br />101418T200505:     T--Text Entered 3614 DELVERNE RD in element By.id: address1<br />101418T200505:     T--Text Entered  in element By.id: address2<br />101418T200506:     T--Text Entered BALTIMORE in element By.id: city<br />101418T200506:     T--Text Entered MD in element By.id: state<br />101418T200507:     T--Text Entered 21218 in element By.id: zip<br />101418T200507: Verified Text: Country/Territory     By.xpath: //*[@id='module.registration._expanded']/table/tbody/tr/td[1]/table/tbody/tr[24]/td[2]<br />101418T200507:     S--Selected Element By.id: country1   by value us<br />101418T200508:     T--Text Entered 9011111111 in element By.id: phone<br />101418T200508:     T--Text Entered L3EFWS101418T200420 in element By.id: uid<br />101418T200508: Userid is: L3EFWS101418T200420<br />101418T200508:     T--Text Entered Test1234 in element By.id: password<br />101418T200509:     T--Text Entered Test1234 in element By.id: retypePassword<br />101418T200509:     S--Selected Element By.id: reminderQuestion   by visible text What is your mother's first name?<br />101418T200509:     T--Text Entered mom in element By.id: reminderAnswer<br />101418T200510:     E--Element Clicked By.id: acceptterms<br />101418T200510:     T--Text Entered robmus50@yahoo.com in element By.id: email<br />101418T200512:     T--Text Entered robmus50@yahoo.com in element By.id: retypeEmail<br />101418T200513: 101418T200420 L3 WIDM Registration EFWS.png Screenshot Taken<br />101418T200519:     E--Element Clicked By.id: createUserID<br />101418T200519: WIDM_Registration_EFWS Completed with: robmus50@yahoo.com<br />101418T200520: 101418T200420 L3 WIDM Registration EFWS Message.png Screenshot Taken<br />L3EFWS101418T200420 robmus50@yahoo.com<br /></td><td></td></tr><tr bgcolor=green><td>TestNG.WIDM</td><td>WIDM_Registration</td><td>2018/10/14 20:04:20</td><td>0:1:63:63543</td><td>3<br />US<br /></td><td>101418T200420: LoadAddress Received: _US_ __<br />101418T200420: LoadAddress is Returning: [3614 DELVERNE RD, , BALTIMORE, Maryland, MD, 21218, US, US, United States]<br />101418T200420: Generate Name is Returning: [FthreeWIDMyarlloa, M, Lrkaendu]<br />101418T200435: New driver created. Chrome<br />101418T200500: Cookies Deleted<br />101418T200500: Navigating to https://wwwdrt.idev.fedex.com/FID?clienttype=dotcom&clickedPrint=false&action=entry&hazmatFilter=All&cntry_code=us&lang_code=en&option=fid<br />101418T200506:     E--Element Clicked By.linkText: Sign Up Now!<br />101418T200506:     T--Text Entered FthreeWIDMyarlloa in element By.id: firstName<br />101418T200507:     T--Text Entered Lrkaendu in element By.id: lastName<br />101418T200508:     T--Text Entered sean.kauffman.osv@fedex.com in element By.id: email<br />101418T200508:     T--Text Entered sean.kauffman.osv@fedex.com in element By.id: retypeEmail<br />101418T200509:     T--Text Entered 3614 DELVERNE RD in element By.id: address1<br />101418T200509:     T--Text Entered  in element By.id: address2<br />101418T200509:     T--Text Entered BALTIMORE in element By.id: city<br />101418T200510:     T--Text Entered MD in element By.id: state<br />101418T200510:     T--Text Entered 21218 in element By.id: zip<br />101418T200510: Verified Text: Country/Territory     By.xpath: //*[@id='module.registration._expanded']/table/tbody/tr/td[1]/table/tbody/tr[24]/td[2]<br />101418T200511:     S--Selected Element By.id: country1   by value us<br />101418T200512:     T--Text Entered 9011111111 in element By.id: phone<br />101418T200512:     T--Text Entered L3WIDMUS101418T200420 in element By.id: uid<br />101418T200512: Userid is: L3WIDMUS101418T200420<br />101418T200513:     T--Text Entered Test1234 in element By.id: password<br />101418T200513:     T--Text Entered Test1234 in element By.id: retypePassword<br />101418T200513:     S--Selected Element By.id: reminderQuestion   by visible text What is your mother's first name?<br />101418T200514:     T--Text Entered mom in element By.id: reminderAnswer<br />101418T200514:     E--Element Clicked By.id: acceptterms<br />101418T200515: 101418T200420 L3 WIDM RegistrationConfirmation.png Screenshot Taken<br />101418T200522:     E--Element Clicked By.id: createUserID<br />101418T200522: fcl_uuid value is YNfmUOBpSA<br />101418T200522: WIDM_Registration Completed: L3WIDMUS101418T200420/Test1234--YNfmUOBpSA<br />101418T200523: 101418T200420 L3 WIDM Registration WIDM Confirmation.png Screenshot Taken<br />[L3WIDMUS101418T200420, Test1234, YNfmUOBpSA]<br /></td><td></td></tr><tr bgcolor=green><td>TestNG.WIDM</td><td>WIDM_Registration_ErrorMessages</td><td>2018/10/14 20:04:20</td><td>0:1:105:105677</td><td>3<br />US<br /></td><td>101418T200420: LoadAddress Received: _US_ __<br />101418T200420: LoadAddress is Returning: [3614 DELVERNE RD, , BALTIMORE, Maryland, MD, 21218, US, US, United States]<br />101418T200420: Generate Name is Returning: [FthreeUSikncrik, M, Limikkrr]<br />101418T200528: New driver created. Chrome<br />101418T200555: Cookies Deleted<br />101418T200555: Navigating to https://wwwdrt.idev.fedex.com/FID?clienttype=dotcom&clickedPrint=false&action=entry&hazmatFilter=All&cntry_code=us&lang_code=en&option=fid<br />101418T200601:     E--Element Clicked By.linkText: Sign Up Now!<br />101418T200601:     E--Element Clicked By.id: createUserID<br />101418T200602: Verified Text: First name is required.     By.id: firstempty<br />101418T200602:     T--Text Entered !!!First in element By.id: firstName<br />101418T200602:     E--Element Clicked By.id: createUserID<br />101418T200603: 101418T200420 L3 WIDM Error Messages.png Screenshot Taken<br />101418T200603: Verified Text: Invalid character in First name.     By.id: firstspecialchar<br />101418T200604: Verified Text: Last name is required.     By.id: lastempty<br />101418T200604: Verified Text: Email address is required.     By.id: emailempty<br />101418T200604: Verified Text: Retyped email address is required.     By.id: reemailempty<br />101418T200604: Verified Text: Address 1 is required.     By.id: add1empty<br />101418T200604:     T--Text Entered L in element By.id: lastName<br />101418T200604:     E--Element Clicked By.id: createUserID<br />101418T200604: Verified Text: Last name must be at least 2 characters.     By.id: invalidlength<br />101418T200604:     T--Text Entered !!Last in element By.id: lastName<br />101418T200605:     E--Element Clicked By.id: createUserID<br />101418T200605: Verified Text: Invalid character in Last name.     By.id: lnspecialchar<br />101418T200605:     T--Text Entered !@#$%^&*() in element By.id: lastName<br />101418T200605:     E--Element Clicked By.id: createUserID<br />101418T200605: Verified Text: Invalid character in Last name.     By.id: lnspecialchar<br />101418T200605:     T--Text Entered FthreeUSikncrik in element By.id: firstName<br />101418T200606:     T--Text Entered L3T101418T200420 in element By.id: uid<br /><br /></td><td></td></tr>    </table>  </body>